<?xml version="1.0" encoding="UTF-8"?>
<testsuite xmlns:xsi="http://www.w3.org/2001/XMLSchema-instance" xsi:noNamespaceSchemaLocation="https://maven.apache.org/surefire/maven-surefire-plugin/xsd/surefire-test-report-3.0.xsd" version="3.0" name="com.bigcomp.accesscontrol.core.AccessRequestProcessorCacheTest" time="0.212" tests="2" errors="0" skipped="0" failures="0">
  <properties>
[...]
</properties>
  <testcase name="loadsFromCacheWhenPresent_evenIfDbWasCleared(Path)" classname="com.bigcomp.accesscontrol.core.AccessRequestProcessorCacheTest" time="0.142"/>
  <testcase name="fallsBackToDbWhenCacheIsCorrupt(Path)" classname="com.bigcomp.accesscontrol.core.AccessRequestProcessorCacheTest" time="0.067">
    <system-err><![CDATA[Failed to load cache file, falling back to DB: invalid stream header: 6E6F742D
]]></system-err>
  </testcase>
</testsuite>